## ComfyUI-Manager: installing dependencies done.
[2025-04-04 23:17:28.433] ** ComfyUI startup time: 2025-04-04 23:17:28.433
[2025-04-04 23:17:28.433] ** Platform: Linux
[2025-04-04 23:17:28.434] ** Python version: 3.11.10 | packaged by conda-forge | (main, Oct 16 2024, 01:27:36) [GCC 13.3.0]
[2025-04-04 23:17:28.434] ** Python executable: /opt/conda/bin/python
[2025-04-04 23:17:28.434] ** ComfyUI Path: /root/comfy/ComfyUI
[2025-04-04 23:17:28.434] ** ComfyUI Base Folder Path: /root/comfy/ComfyUI
[2025-04-04 23:17:28.434] ** User directory: /root/comfy/ComfyUI/user
[2025-04-04 23:17:28.434] ** ComfyUI-Manager config path: /root/comfy/ComfyUI/user/default/ComfyUI-Manager/config.ini
[2025-04-04 23:17:28.434] ** Log path: /root/comfy/ComfyUI/user/comfyui.log
[ComfyUI-Manager] 'numpy' dependency were fixed
[2025-04-04 23:17:34.317] 
Prestartup times for custom nodes:
[2025-04-04 23:17:34.317]    7.1 seconds: /root/comfy/ComfyUI/custom_nodes/ComfyUI-Manager
[2025-04-04 23:17:34.317] 
[2025-04-04 23:17:37.118] Checkpoint files will always be loaded safely.
[2025-04-04 23:17:38.138] Total VRAM 81110 MB, total RAM 515681 MB
[2025-04-04 23:17:38.138] pytorch version: 2.5.1+cu124
[2025-04-04 23:17:38.139] Set vram state to: NORMAL_VRAM
[2025-04-04 23:17:38.139] Device: cuda:0 NVIDIA H100 80GB HBM3 : cudaMallocAsync
[2025-04-04 23:17:40.025] Using pytorch attention
[2025-04-04 23:17:41.632] ComfyUI version: 0.3.27
[2025-04-04 23:17:41.636] ComfyUI frontend version: 1.14.6
[2025-04-04 23:17:41.637] [Prompt Server] web root: /opt/conda/lib/python3.11/site-packages/comfyui_frontend_package/static
[2025-04-04 23:17:42.042] ### Loading: ComfyUI-Manager (V3.31.9)
[2025-04-04 23:17:42.043] [ComfyUI-Manager] network_mode: public
[2025-04-04 23:17:42.098] ### ComfyUI Version: v0.3.27-19-g721253cb | Released on '2025-04-03'
[2025-04-04 23:17:42.112] 
Import times for custom nodes:
[2025-04-04 23:17:42.112]    0.0 seconds: /root/comfy/ComfyUI/custom_nodes/websocket_image_save.py
[2025-04-04 23:17:42.112]    0.1 seconds: /root/comfy/ComfyUI/custom_nodes/ComfyUI-Manager
[2025-04-04 23:17:42.112] 
[2025-04-04 23:17:42.122] Starting server

[2025-04-04 23:17:42.123] To see the GUI go to: http://127.0.0.1:8188
[2025-04-04 23:17:42.236] [ComfyUI-Manager] default cache updated: https://raw.githubusercontent.com/ltdrdata/ComfyUI-Manager/main/alter-list.json
[2025-04-04 23:17:42.249] [ComfyUI-Manager] default cache updated: https://raw.githubusercontent.com/ltdrdata/ComfyUI-Manager/main/model-list.json
[2025-04-04 23:17:42.308] [ComfyUI-Manager] default cache updated: https://raw.githubusercontent.com/ltdrdata/ComfyUI-Manager/main/github-stats.json
[2025-04-04 23:17:42.358] [ComfyUI-Manager] default cache updated: https://raw.githubusercontent.com/ltdrdata/ComfyUI-Manager/main/custom-node-list.json
[2025-04-04 23:17:42.396] [ComfyUI-Manager] default cache updated: https://raw.githubusercontent.com/ltdrdata/ComfyUI-Manager/main/extension-node-map.json
[2025-04-04 23:17:47.777] FETCH ComfyRegistry Data: 5/80
[2025-04-04 23:17:53.502] FETCH ComfyRegistry Data: 10/80
[2025-04-04 23:17:58.272] FETCH ComfyRegistry Data: 15/80
[2025-04-04 23:18:03.084] FETCH ComfyRegistry Data: 20/80
[2025-04-04 23:18:07.835] FETCH ComfyRegistry Data: 25/80
[2025-04-04 23:18:12.816] FETCH ComfyRegistry Data: 30/80
[2025-04-04 23:18:18.396] FETCH ComfyRegistry Data: 35/80
[2025-04-04 23:18:23.248] FETCH ComfyRegistry Data: 40/80
[2025-04-04 23:18:27.978] FETCH ComfyRegistry Data: 45/80
[2025-04-04 23:18:32.862] FETCH ComfyRegistry Data: 50/80
[2025-04-04 23:18:37.970] FETCH ComfyRegistry Data: 55/80
[2025-04-04 23:18:42.770] FETCH ComfyRegistry Data: 60/80
[2025-04-04 23:18:47.571] FETCH ComfyRegistry Data: 65/80
[2025-04-04 23:18:52.449] FETCH ComfyRegistry Data: 70/80
[2025-04-04 23:18:57.087] FETCH ComfyRegistry Data: 75/80
[2025-04-04 23:19:02.702] FETCH ComfyRegistry Data: 80/80
[2025-04-04 23:19:03.202] FETCH ComfyRegistry Data [DONE]
[2025-04-04 23:19:03.360] [ComfyUI-Manager] default cache updated: https://api.comfy.org/nodes
[2025-04-04 23:19:03.370] FETCH DATA from: https://raw.githubusercontent.com/ltdrdata/ComfyUI-Manager/main/custom-node-list.json [DONE]
[2025-04-04 23:19:03.643] [ComfyUI-Manager] All startup tasks have been completed.
[2025-04-04 23:30:38.849] 
Stopped server
